ISim log file
Running: /home/milkybird98/Xilinx/14.7/ISE_DS/DigitalClock/alltester_isim_beh.exe -intstyle ise -gui -tclbatch isim.cmd -wdb /home/milkybird98/Xilinx/14.7/ISE_DS/DigitalClock/alltester_isim_beh.wdb 
ISim P.20131013 (signature 0xfbc00daa)
----------------------------------------------------------------------
WARNING:Security:42 - Your software subscription period has lapsed. Your current version of Xilinx tools will continue to function, but you no longer qualify for Xilinx software updates or new releases.


----------------------------------------------------------------------
This is a Full version of ISim.
Time resolution is 1 ps
# onerror resume
# wave add /
# run 1000 ns
Simulator is doing circuit initialization process.
Finished circuit initialization process.
# run all
Stopped at time : 26140865 ns : File "/home/milkybird98/Xilinx/14.7/ISE_DS/DigitalClock/alltester.v" Line 95
ISim P.20131013 (signature 0xfbc00daa)
----------------------------------------------------------------------
WARNING:Security:42 - Your software subscription period has lapsed. Your current version of Xilinx tools will continue to function, but you no longer qualify for Xilinx software updates or new releases.


----------------------------------------------------------------------
This is a Full version of ISim.
# run 1000 ns
Simulator is doing circuit initialization process.
Finished circuit initialization process.
# run all
Stopped at time : 36269937 ns : File "/home/milkybird98/Xilinx/14.7/ISE_DS/DigitalClock/ClkDivider.v" Line 35
ISim P.20131013 (signature 0xfbc00daa)
----------------------------------------------------------------------
WARNING:Security:42 - Your software subscription period has lapsed. Your current version of Xilinx tools will continue to function, but you no longer qualify for Xilinx software updates or new releases.


----------------------------------------------------------------------
This is a Full version of ISim.
# run 1000 ns
Simulator is doing circuit initialization process.
Finished circuit initialization process.
# run all
Stopped at time : 58518299 ns : File "/home/milkybird98/Xilinx/14.7/ISE_DS/DigitalClock/alltester.v" Line 96
# exit 0
