Release 14.7 - ngc2edif P.20131013 (nt64)
Copyright (c) 1995-2013 Xilinx, Inc.  All rights reserved.
Reading design CloclSystem.ngc ...
WARNING:NetListWriters:298 - No output is written to CloclSystem.xncf, ignored.
Processing design ...
   Preping design's networks ...
   Preping design's macros ...
  finished :Prep
Writing EDIF netlist file CloclSystem.edif ...
ngc2edif: Total memory usage is 80024 kilobytes

Release 14.7 - ngc2edif P.20131013 (nt64)
Copyright (c) 1995-2013 Xilinx, Inc.  All rights reserved.
Reading design CloclSystem.ngc ...
WARNING:NetListWriters:298 - No output is written to CloclSystem.xncf, ignored.
Processing design ...
   Preping design's networks ...
   Preping design's macros ...
  finished :Prep
Writing EDIF netlist file CloclSystem.edif ...
ngc2edif: Total memory usage is 79704 kilobytes

Release 14.7 - ngc2edif P.20131013 (nt64)
Copyright (c) 1995-2013 Xilinx, Inc.  All rights reserved.
Reading design CloclSystem.ngc ...
WARNING:NetListWriters:298 - No output is written to CloclSystem.xncf, ignored.
Processing design ...
   Preping design's networks ...
   Preping design's macros ...
  finished :Prep
Writing EDIF netlist file CloclSystem.edif ...
ngc2edif: Total memory usage is 79384 kilobytes

Release 14.7 - ngc2edif P.20131013 (nt64)
Copyright (c) 1995-2013 Xilinx, Inc.  All rights reserved.
Reading design CloclSystem.ngc ...
WARNING:NetListWriters:298 - No output is written to CloclSystem.xncf, ignored.
Processing design ...
   Preping design's networks ...
   Preping design's macros ...
  finished :Prep
Writing EDIF netlist file CloclSystem.edif ...
ngc2edif: Total memory usage is 79384 kilobytes

