#:C9     
#Xilinx FPGA Editor Command Log File
#Editor Version:
#:V   NT M2.1 P.20131013
#Current Working Directory:
#:D   D:\Document\step_motor
#Date/Time:
#:T   Tue Mar 26 09:45:23 2019
#------------------------------
	#Reading StepMotorDriver.ncd...
	#Loading device for application Rf_Device from file '3s100e.nph' in environment D:\Xilinx\14.7\ISE_DS\ISE\.
	#   "StepMotorDriver" is an NCD, version 3.2, device xc3s100e, package cp132, speed -4
	#Design creation date: 2019.03.26.01.44.00
	#Building chip graphics...
	#Loading speed info...
	#1
setattr main edit-mode no-logic-changes
	#2
unselect -all
	#3
unselect -all
	#4
select -k comp 'D1/count<6>'
	#5
unselect comp 'D1/count<6>'
	#6
select -k comp 'D1/count<4>'
	#7
unselect comp 'D1/count<4>'
	#8
select -k comp 'D1/count<6>'
	#9
unselect comp 'D1/count<6>'
	#10
select -k comp 'D1/count<4>'
