#-----------------------------------------------------------
# PlanAhead v14.7 (64-bit)
# Build 321239 by xbuild on Fri Sep 27 19:29:51 MDT 2013
# Start of session at: Tue Mar 26 18:36:27 2019
# Process ID: 2192
# Log file: C:/Users/Administrator/Desktop/hust-digital-circuits-lab-master/DigitalClock/planAhead_run_5/planAhead.log
# Journal file: C:/Users/Administrator/Desktop/hust-digital-circuits-lab-master/DigitalClock/planAhead_run_5/planAhead.jou
#-----------------------------------------------------------
INFO: [Common 17-78] Attempting to get a license: PlanAhead
INFO: [Common 17-290] Got license for PlanAhead
INFO: [Device 21-36] Loading parts and site information from D:/Xilinx/14.7/ISE_DS/PlanAhead/data/parts/arch.xml
Parsing RTL primitives file [D:/Xilinx/14.7/ISE_DS/PlanAhead/data/parts/xilinx/rtl/prims/rtl_prims.xml]
Finished parsing RTL primitives file [D:/Xilinx/14.7/ISE_DS/PlanAhead/data/parts/xilinx/rtl/prims/rtl_prims.xml]
start_gui
source C:/Users/Administrator/Desktop/hust-digital-circuits-lab-master/DigitalClock/pa.fromNetlist.tcl
# create_project -name DigitalClock -dir "C:/Users/Administrator/Desktop/hust-digital-circuits-lab-master/DigitalClock/planAhead_run_5" -part xc3s100ecp132-4
# set_property design_mode GateLvl [get_property srcset [current_run -impl]]
# set_property edif_top_file "C:/Users/Administrator/Desktop/hust-digital-circuits-lab-master/DigitalClock/CloclSystem.ngc" [ get_property srcset [ current_run ] ]
# add_files -norecurse { {C:/Users/Administrator/Desktop/hust-digital-circuits-lab-master/DigitalClock} }
# set_param project.pinAheadLayout  yes
# set_property target_constrs_file "CloclSystem.ucf" [current_fileset -constrset]
Adding file 'C:/Users/Administrator/Desktop/hust-digital-circuits-lab-master/DigitalClock/CloclSystem.ucf' to fileset 'constrs_1'
# add_files [list {CloclSystem.ucf}] -fileset [get_property constrset [current_run]]
# link_design
Design is defaulting to srcset: sources_1
Design is defaulting to constrset: constrs_1
Design is defaulting to project part: xc3s100ecp132-4
Release 14.7 - ngc2edif P.20131013 (nt64)
Copyright (c) 1995-2013 Xilinx, Inc.  All rights reserved.
Reading design CloclSystem.ngc ...
WARNING:NetListWriters:298 - No output is written to CloclSystem.xncf, ignored.
Processing design ...
   Preping design's networks ...
   Preping design's macros ...
  finished :Prep
Writing EDIF netlist file CloclSystem.edif ...
ngc2edif: Total memory usage is 79384 kilobytes

Parsing EDIF File [./planAhead_run_5/DigitalClock.data/cache/CloclSystem_ngc_zx.edif]
Finished Parsing EDIF File [./planAhead_run_5/DigitalClock.data/cache/CloclSystem_ngc_zx.edif]
INFO: [Designutils 20-910] Reading macro library D:/Xilinx/14.7/ISE_DS/PlanAhead/data\./parts/xilinx/spartan3e/spartan3e/hd_int_macros.edn
Parsing EDIF File [D:/Xilinx/14.7/ISE_DS/PlanAhead/data\./parts/xilinx/spartan3e/spartan3e/hd_int_macros.edn]
Finished Parsing EDIF File [D:/Xilinx/14.7/ISE_DS/PlanAhead/data\./parts/xilinx/spartan3e/spartan3e/hd_int_macros.edn]
Loading clock regions from D:/Xilinx/14.7/ISE_DS/PlanAhead/data\parts/xilinx/spartan3e/spartan3e/xc3s100e/ClockRegion.xml
Loading clock buffers from D:/Xilinx/14.7/ISE_DS/PlanAhead/data\parts/xilinx/spartan3e/spartan3e/xc3s100e/ClockBuffers.xml
Loading package from D:/Xilinx/14.7/ISE_DS/PlanAhead/data\parts/xilinx/spartan3e/spartan3e/xc3s100e/cp132/Package.xml
Loading io standards from D:/Xilinx/14.7/ISE_DS/PlanAhead/data\./parts/xilinx/spartan3e/IOStandards.xml
INFO: [Device 21-19] Loading pkg sso from D:/Xilinx/14.7/ISE_DS/PlanAhead/data\parts/xilinx/spartan3e/spartan3e/xc3s100e/cp132/SSORules.xml
Loading list of drcs for the architecture : D:/Xilinx/14.7/ISE_DS/PlanAhead/data\./parts/xilinx/spartan3e/spartan3e/drc.xml
INFO: [Timing 38-77] Reading timing library D:/Xilinx/14.7/ISE_DS/PlanAhead/data\parts/xilinx/spartan3e/spartan3e/spartan3e-4.lib.
INFO: [Timing 38-34] Done reading timing library D:/Xilinx/14.7/ISE_DS/PlanAhead/data\parts/xilinx/spartan3e/spartan3e/spartan3e-4.lib.
Parsing UCF File [C:/Users/Administrator/Desktop/hust-digital-circuits-lab-master/DigitalClock/CloclSystem.ucf]
CRITICAL WARNING: [Constraints 18-11] Could not find net or pin 'ratio_en' [C:/Users/Administrator/Desktop/hust-digital-circuits-lab-master/DigitalClock/CloclSystem.ucf:33]
Finished Parsing UCF File [C:/Users/Administrator/Desktop/hust-digital-circuits-lab-master/DigitalClock/CloclSystem.ucf]
INFO: [Designutils 20-20] Invalid constraints found, use command 'write_ucf -constraints invalid <file>' to save all the invalid constraints to a file
INFO: [Project 1-111] Unisim Transformation Summary:
No Unisim elements were transformed.

Phase 0 | Netlist Checksum: f15dffe5
link_design: Time (s): elapsed = 00:00:07 . Memory (MB): peak = 623.445 ; gain = 135.699
startgroup
set_property package_pin B4 [get_ports alarm_and_ratio_en]
endgroup
startgroup
set_property package_pin K3 [get_ports day_set]
endgroup
startgroup
set_property package_pin L3 [get_ports en]
endgroup
save_constraints
exit
ERROR: [PlanAhead 12-106] *** Exception: ui.h.b: Found deleted key in HTclEventBroker. Verify if the classes listed here call cleanup()
HTclEvent: SIGNAL_BUS_MODIFY   Classes: ui.views.aR 
HTclEvent: DEBUG_PORT_CONFIG_CHANGE   Classes: ui.views.aR 
HTclEvent: DEBUG_CORE_CONFIG_CHANGE   Classes: ui.views.aR 
HTclEvent: SIGNAL_MODIFY   Classes: ui.views.aR 
 (See C:/Users/Administrator/Desktop/hust-digital-circuits-lab-master/DigitalClock\planAhead_pid2192.debug)
ERROR: [Common 17-39] 'stop_gui' failed due to earlier errors.
INFO: [Common 17-206] Exiting PlanAhead at Tue Mar 26 18:37:20 2019...
INFO: [Common 17-83] Releasing license: PlanAhead
